<?xml version="1.0" encoding="UTF-8"?>
<!-- Generated by org.testng.reporters.JUnitReportReporter -->
<testsuite hostname="DESKTOP-O1MTOUR" failures="0" tests="2" name="demoblaze.testSignUpAPIs" time="2.888" errors="0" timestamp="20 Apr 2024 18:32:58 GMT">
  <testcase classname="demoblaze.testSignUpAPIs" name="testSignUpWithAlreadyExistUser" time="0.623"/>
  <testcase classname="demoblaze.testSignUpAPIs" name="testSignUpwithNewUser" time="2.265"/>
</testsuite> <!-- demoblaze.testSignUpAPIs -->
