<?xml version="1.0" encoding="UTF-8"?>
<!-- Generated by org.testng.reporters.JUnitReportReporter -->
<testsuite hostname="DESKTOP-O1MTOUR" failures="0" tests="2" name="demoblaze.testLoginAPIs" time="1.241" errors="0" timestamp="20 Apr 2024 18:32:58 GMT">
  <testcase classname="demoblaze.testLoginAPIs" name="testLoginwithValidUserNameAndValidPassword" time="0.567"/>
  <testcase classname="demoblaze.testLoginAPIs" name="testLoginwithValidUserNameAndInValidPassword" time="0.674"/>
</testsuite> <!-- demoblaze.testLoginAPIs -->
